<?xml version="1.0" encoding="UTF-8"?>
<robot generator="Robot 3.2.2 (Python 3.9.1 on win32)" generated="20210125 00:03:20.749" rpa="false">
<suite id="s1" name="Submarino" source="C:\Users\TiagoCoelho\Documents\GitHub\Exercicios-Praticos\Teste Web\tests\submarino.robot">
<test id="s1-t1" name="Adiciona geladeira no carrinho de compras">
<kw name="Nova sessão" library="base" type="setup">
<kw name="Open Browser" library="SeleniumLibrary">
<doc>Opens a new browser instance to the optional ``url``.</doc>
<arguments>
<arg>${url}</arg>
<arg>chrome</arg>
</arguments>
<msg timestamp="20210125 00:03:20.895" level="INFO">Opening browser 'chrome' to base url 'http://www.submarino.com.br'.</msg>
<status status="PASS" starttime="20210125 00:03:20.895" endtime="20210125 00:03:24.917"></status>
</kw>
<status status="PASS" starttime="20210125 00:03:20.895" endtime="20210125 00:03:24.917"></status>
</kw>
<kw name="Go To" library="SeleniumLibrary">
<doc>Navigates the current browser window to the provided ``url``.</doc>
<arguments>
<arg>${url}</arg>
</arguments>
<msg timestamp="20210125 00:03:24.918" level="INFO">Opening url 'http://www.submarino.com.br'</msg>
<status status="PASS" starttime="20210125 00:03:24.918" endtime="20210125 00:03:26.587"></status>
</kw>
<kw name="Input Text" library="SeleniumLibrary">
<doc>Types the given ``text`` into the text field identified by ``locator``.</doc>
<arguments>
<arg>${search_input}</arg>
<arg>"geladeira"</arg>
</arguments>
<msg timestamp="20210125 00:03:26.588" level="INFO">Typing text '"geladeira"' into text field 'id:h_search-input'.</msg>
<status status="PASS" starttime="20210125 00:03:26.588" endtime="20210125 00:03:26.785"></status>
</kw>
<kw name="Encerra sessão" library="base" type="teardown">
<kw name="Capture Page Screenshot" library="SeleniumLibrary">
<doc>Takes a screenshot of the current page and embeds it into a log file.</doc>
<msg timestamp="20210125 00:03:27.181" level="INFO" html="yes">&lt;/td&gt;&lt;/tr&gt;&lt;tr&gt;&lt;td colspan="3"&gt;&lt;a href="selenium-screenshot-1.png"&gt;&lt;img src="selenium-screenshot-1.png" width="800px"&gt;&lt;/a&gt;</msg>
<status status="PASS" starttime="20210125 00:03:26.785" endtime="20210125 00:03:27.181"></status>
</kw>
<kw name="Close Browser" library="SeleniumLibrary">
<doc>Closes the current browser.</doc>
<status status="PASS" starttime="20210125 00:03:27.181" endtime="20210125 00:03:29.261"></status>
</kw>
<status status="PASS" starttime="20210125 00:03:26.785" endtime="20210125 00:03:29.261"></status>
</kw>
<status status="PASS" starttime="20210125 00:03:20.895" endtime="20210125 00:03:29.261" critical="yes"></status>
</test>
<status status="PASS" starttime="20210125 00:03:20.751" endtime="20210125 00:03:29.262"></status>
</suite>
<statistics>
<total>
<stat pass="1" fail="0">Critical Tests</stat>
<stat pass="1" fail="0">All Tests</stat>
</total>
<tag>
</tag>
<suite>
<stat pass="1" fail="0" id="s1" name="Submarino">Submarino</stat>
</suite>
</statistics>
<errors>
</errors>
</robot>
